# JRE version: Java(TM) SE Runtime Environment (18.0.2+9) (build 18.0.2+9-61)
# Java VM: Java HotSpot(TM) 64-Bit Server VM (18.0.2+9-61, mixed mode, sharing, tiered, compressed oops, compressed class ptrs, g1 gc, windows-amd64)
GC Precious Log:
 CardTable entry size: 512
 Card Set container configuration: InlinePtr #cards 4 size 8 Array Of Cards #cards 16 size 48 Howl #buckets 8 coarsen threshold 3686 Howl Bitmap #cards 512 size 80 coarsen threshold 460 Card regions per heap region 1 cards per card region 4096
 CPUs: 16 total, 16 available
 Memory: 16219M
 Large Page Support: Disabled
 NUMA Support: Disabled
 Compressed Oops: Enabled (Zero based)
 Heap Region Size: 2M
 Heap Min Capacity: 8M
 Heap Initial Capacity: 254M
 Heap Max Capacity: 4056M
 Pre-touch: Disabled
 Parallel Workers: 13
 Concurrent Workers: 3
 Concurrent Refinement Workers: 13
 Periodic GC: Disabled
Heap:
 garbage-first heap   total 81920K, used 61519K [0x0000000702800000, 0x0000000800000000)
  region size 2048K, 21 young (43008K), 2 survivors (4096K)
 Metaspace       used 62685K, committed 63744K, reserved 1114112K
  class space    used 6552K, committed 7040K, reserved 1048576K
GC Heap History (20 events):
Event: 4737.216 GC heap after
{Heap after GC invocations=128 (full 32):
 garbage-first heap   total 81920K, used 22921K [0x0000000702800000, 0x0000000800000000)
  region size 2048K, 0 young (0K), 0 survivors (0K)
 Metaspace       used 61326K, committed 62272K, reserved 1114112K
  class space    used 6466K, committed 6912K, reserved 1048576K
}
Event: 4737.486 GC heap before
{Heap before GC invocations=128 (full 32):
 garbage-first heap   total 81920K, used 61833K [0x0000000702800000, 0x0000000800000000)
  region size 2048K, 20 young (40960K), 0 survivors (0K)
 Metaspace       used 61402K, committed 62336K, reserved 1114112K
  class space    used 6477K, committed 6912K, reserved 1048576K
}
Event: 4737.488 GC heap after
{Heap after GC invocations=129 (full 32):
 garbage-first heap   total 81920K, used 25447K [0x0000000702800000, 0x0000000800000000)
  region size 2048K, 2 young (4096K), 2 survivors (4096K)
 Metaspace       used 61402K, committed 62336K, reserved 1114112K
  class space    used 6477K, committed 6912K, reserved 1048576K
}
Event: 4745.131 GC heap before
{Heap before GC invocations=130 (full 32):
 garbage-first heap   total 81920K, used 31591K [0x0000000702800000, 0x0000000800000000)
  region size 2048K, 6 young (12288K), 2 survivors (4096K)
 Metaspace       used 61471K, committed 62464K, reserved 1114112K
  class space    used 6482K, committed 6976K, reserved 1048576K
}
Event: 4745.183 GC heap after
{Heap after GC invocations=131 (full 33):
 garbage-first heap   total 81920K, used 22973K [0x0000000702800000, 0x0000000800000000)
  region size 2048K, 0 young (0K), 0 survivors (0K)
 Metaspace       used 61468K, committed 62464K, reserved 1114112K
  class space    used 6481K, committed 6976K, reserved 1048576K
}
Event: 4745.430 GC heap before
{Heap before GC invocations=131 (full 33):
 garbage-first heap   total 81920K, used 63933K [0x0000000702800000, 0x0000000800000000)
  region size 2048K, 20 young (40960K), 0 survivors (0K)
 Metaspace       used 61566K, committed 62528K, reserved 1114112K
  class space    used 6493K, committed 6976K, reserved 1048576K
}
Event: 4745.433 GC heap after
{Heap after GC invocations=132 (full 33):
 garbage-first heap   total 81920K, used 25579K [0x0000000702800000, 0x0000000800000000)
  region size 2048K, 2 young (4096K), 2 survivors (4096K)
 Metaspace       used 61566K, committed 62528K, reserved 1114112K
  class space    used 6493K, committed 6976K, reserved 1048576K
}
Event: 4782.826 GC heap before
{Heap before GC invocations=133 (full 33):
 garbage-first heap   total 81920K, used 31723K [0x0000000702800000, 0x0000000800000000)
  region size 2048K, 6 young (12288K), 2 survivors (4096K)
 Metaspace       used 61606K, committed 62592K, reserved 1114112K
  class space    used 6494K, committed 6976K, reserved 1048576K
}
Event: 4782.871 GC heap after
{Heap after GC invocations=134 (full 34):
 garbage-first heap   total 81920K, used 23024K [0x0000000702800000, 0x0000000800000000)
  region size 2048K, 0 young (0K), 0 survivors (0K)
 Metaspace       used 61603K, committed 62592K, reserved 1114112K
  class space    used 6493K, committed 6976K, reserved 1048576K
}
Event: 4783.088 GC heap before
{Heap before GC invocations=134 (full 34):
 garbage-first heap   total 81920K, used 59888K [0x0000000702800000, 0x0000000800000000)
  region size 2048K, 19 young (38912K), 0 survivors (0K)
 Metaspace       used 61689K, committed 62656K, reserved 1114112K
  class space    used 6504K, committed 6976K, reserved 1048576K
}
Event: 4783.091 GC heap after
{Heap after GC invocations=135 (full 34):
 garbage-first heap   total 81920K, used 25311K [0x0000000702800000, 0x0000000800000000)
  region size 2048K, 2 young (4096K), 2 survivors (4096K)
 Metaspace       used 61689K, committed 62656K, reserved 1114112K
  class space    used 6504K, committed 6976K, reserved 1048576K
}
Event: 4806.138 GC heap before
{Heap before GC invocations=136 (full 34):
 garbage-first heap   total 81920K, used 35551K [0x0000000702800000, 0x0000000800000000)
  region size 2048K, 8 young (16384K), 2 survivors (4096K)
 Metaspace       used 61921K, committed 62912K, reserved 1114112K
  class space    used 6516K, committed 6976K, reserved 1048576K
}
Event: 4806.193 GC heap after
{Heap after GC invocations=137 (full 35):
 garbage-first heap   total 81920K, used 23085K [0x0000000702800000, 0x0000000800000000)
  region size 2048K, 0 young (0K), 0 survivors (0K)
 Metaspace       used 61918K, committed 62912K, reserved 1114112K
  class space    used 6516K, committed 6976K, reserved 1048576K
}
Event: 4806.466 GC heap before
{Heap before GC invocations=137 (full 35):
 garbage-first heap   total 81920K, used 61997K [0x0000000702800000, 0x0000000800000000)
  region size 2048K, 19 young (38912K), 0 survivors (0K)
 Metaspace       used 62008K, committed 62976K, reserved 1114112K
  class space    used 6527K, committed 6976K, reserved 1048576K
}
Event: 4806.468 GC heap after
{Heap after GC invocations=138 (full 35):
 garbage-first heap   total 81920K, used 25500K [0x0000000702800000, 0x0000000800000000)
  region size 2048K, 2 young (4096K), 2 survivors (4096K)
 Metaspace       used 62008K, committed 62976K, reserved 1114112K
  class space    used 6527K, committed 6976K, reserved 1048576K
}
Event: 5338.211 GC heap before
{Heap before GC invocations=139 (full 35):
 garbage-first heap   total 81920K, used 62364K [0x0000000702800000, 0x0000000800000000)
  region size 2048K, 20 young (40960K), 2 survivors (4096K)
 Metaspace       used 62375K, committed 63424K, reserved 1114112K
  class space    used 6529K, committed 7040K, reserved 1048576K
}
Event: 5338.219 GC heap after
{Heap after GC invocations=140 (full 35):
 garbage-first heap   total 81920K, used 25992K [0x0000000702800000, 0x0000000800000000)
  region size 2048K, 2 young (4096K), 2 survivors (4096K)
 Metaspace       used 62375K, committed 63424K, reserved 1114112K
  class space    used 6529K, committed 7040K, reserved 1048576K
}
Event: 5515.381 GC heap before
{Heap before GC invocations=140 (full 35):
 garbage-first heap   total 81920K, used 34184K [0x0000000702800000, 0x0000000800000000)
  region size 2048K, 7 young (14336K), 2 survivors (4096K)
 Metaspace       used 62613K, committed 63680K, reserved 1114112K
  class space    used 6551K, committed 7040K, reserved 1048576K
}
Event: 5515.434 GC heap after
{Heap after GC invocations=141 (full 36):
 garbage-first heap   total 81920K, used 22607K [0x0000000702800000, 0x0000000800000000)
  region size 2048K, 0 young (0K), 0 survivors (0K)
 Metaspace       used 62522K, committed 63680K, reserved 1114112K
  class space    used 6531K, committed 7040K, reserved 1048576K
}
Event: 5566.675 GC heap before
{Heap before GC invocations=141 (full 36):
 garbage-first heap   total 81920K, used 61519K [0x0000000702800000, 0x0000000800000000)
  region size 2048K, 19 young (38912K), 0 survivors (0K)
 Metaspace       used 62685K, committed 63744K, reserved 1114112K
  class space    used 6552K, committed 7040K, reserved 1048576K
}

